<?xml version="1.0" encoding="UTF-8"?>
<testsuite name="org.apache.tika.parser.microsoft.ooxml.OOXMLParserTest" time="3.701" tests="71" errors="0" skipped="2" failures="0">
  <properties>
    <property name="idea.version" value="2017.3.1"/>
    <property name="java.runtime.name" value="Java(TM) SE Runtime Environment"/>
    <property name="sun.boot.library.path" value="C:\Program Files\Java\jdk1.8.0_151\jre\bin"/>
    <property name="java.vm.version" value="25.151-b12"/>
    <property name="java.vm.vendor" value="Oracle Corporation"/>
    <property name="maven.multiModuleProjectDirectory" value="E:\tika-1.16\tika-1.16"/>
    <property name="java.vendor.url" value="http://java.oracle.com/"/>
    <property name="path.separator" value=";"/>
    <property name="guice.disable.misplaced.annotation.check" value="true"/>
    <property name="java.vm.name" value="Java HotSpot(TM) 64-Bit Server VM"/>
    <property name="file.encoding.pkg" value="sun.io"/>
    <property name="user.script" value=""/>
    <property name="user.country" value="CN"/>
    <property name="sun.java.launcher" value="SUN_STANDARD"/>
    <property name="sun.os.patch.level" value=""/>
    <property name="java.vm.specification.name" value="Java Virtual Machine Specification"/>
    <property name="user.dir" value="E:\tika-1.16\tika-1.16"/>
    <property name="java.runtime.version" value="1.8.0_151-b12"/>
    <property name="java.awt.graphicsenv" value="sun.awt.Win32GraphicsEnvironment"/>
    <property name="java.endorsed.dirs" value="C:\Program Files\Java\jdk1.8.0_151\jre\lib\endorsed"/>
    <property name="os.arch" value="amd64"/>
    <property name="java.io.tmpdir" value="C:\Users\xiao\AppData\Local\Temp\"/>
    <property name="line.separator" value="&#10;"/>
    <property name="java.vm.specification.vendor" value="Oracle Corporation"/>
    <property name="user.variant" value=""/>
    <property name="os.name" value="Windows 10"/>
    <property name="classworlds.conf" value="E:\IntelliJ IDEA Community Edition 2017.3.1\plugins\maven\lib\maven3\bin\m2.conf"/>
    <property name="sun.jnu.encoding" value="GBK"/>
    <property name="java.library.path" value="C:\Program Files\Java\jdk1.8.0_151\bin;C:\WINDOWS\Sun\Java\bin;C:\WINDOWS\system32;C:\WINDOWS;C:\ProgramData\Oracle\Java\javapath;C:\Program Files (x86)\Intel\iCLS Client\;C:\Program Files\Intel\iCLS Client\;C:\Windows\system32;C:\Windows;C:\Windows\System32\Wbem;C:\Windows\System32\WindowsPowerShell\v1.0\;C:\Program Files (x86)\Intel\Intel(R) Management Engine Components\DAL;C:\Program Files\Intel\Intel(R) Management Engine Components\DAL;C:\Program Files (x86)\Intel\Intel(R) Management Engine Components\IPT;C:\Program Files\Intel\Intel(R) Management Engine Components\IPT;C:\Program Files (x86)\NVIDIA Corporation\PhysX\Common;C:\Program Files\Intel\WiFi\bin\;C:\Program Files\Common Files\Intel\WirelessCommon\;C:\WINDOWS\system32;C:\WINDOWS;C:\WINDOWS\System32\Wbem;C:\WINDOWS\System32\WindowsPowerShell\v1.0\;C:\Program Files\Java\jdk1.8.0_151\bin;C:\Program Files\Java\jdk1.8.0_151\jre\bin;E:\maven\apache-maven-3.5.2\bin;E:\Git\cmd;E:\UltraEdit;C:\Users\xiao\AppData\Local\Microsoft\WindowsApps;C:\Users\xiao\AppData\Local\GitHubDesktop\bin;."/>
    <property name="java.specification.name" value="Java Platform API Specification"/>
    <property name="java.class.version" value="52.0"/>
    <property name="sun.management.compiler" value="HotSpot 64-Bit Tiered Compilers"/>
    <property name="os.version" value="10.0"/>
    <property name="user.home" value="C:\Users\xiao"/>
    <property name="user.timezone" value="Asia/Shanghai"/>
    <property name="java.awt.printerjob" value="sun.awt.windows.WPrinterJob"/>
    <property name="java.specification.version" value="1.8"/>
    <property name="file.encoding" value="UTF-8"/>
    <property name="user.name" value="xiao"/>
    <property name="java.class.path" value="E:\IntelliJ IDEA Community Edition 2017.3.1\plugins\maven\lib\maven3\boot\plexus-classworlds-2.5.2.jar;E:\IntelliJ IDEA Community Edition 2017.3.1\lib\idea_rt.jar"/>
    <property name="java.vm.specification.version" value="1.8"/>
    <property name="sun.arch.data.model" value="64"/>
    <property name="java.home" value="C:\Program Files\Java\jdk1.8.0_151\jre"/>
    <property name="sun.java.command" value="org.codehaus.classworlds.Launcher -Didea.version=2017.3.1 package"/>
    <property name="java.specification.vendor" value="Oracle Corporation"/>
    <property name="user.language" value="zh"/>
    <property name="awt.toolkit" value="sun.awt.windows.WToolkit"/>
    <property name="java.vm.info" value="mixed mode"/>
    <property name="java.version" value="1.8.0_151"/>
    <property name="java.ext.dirs" value="C:\Program Files\Java\jdk1.8.0_151\jre\lib\ext;C:\WINDOWS\Sun\Java\lib\ext"/>
    <property name="sun.boot.class.path" value="C:\Program Files\Java\jdk1.8.0_151\jre\lib\resources.jar;C:\Program Files\Java\jdk1.8.0_151\jre\lib\rt.jar;C:\Program Files\Java\jdk1.8.0_151\jre\lib\sunrsasign.jar;C:\Program Files\Java\jdk1.8.0_151\jre\lib\jsse.jar;C:\Program Files\Java\jdk1.8.0_151\jre\lib\jce.jar;C:\Program Files\Java\jdk1.8.0_151\jre\lib\charsets.jar;C:\Program Files\Java\jdk1.8.0_151\jre\lib\jfr.jar;C:\Program Files\Java\jdk1.8.0_151\jre\classes"/>
    <property name="java.vendor" value="Oracle Corporation"/>
    <property name="maven.home" value="E:\IntelliJ IDEA Community Edition 2017.3.1\plugins\maven\lib\maven3"/>
    <property name="file.separator" value="\"/>
    <property name="java.vendor.url.bug" value="http://bugreport.sun.com/bugreport/"/>
    <property name="sun.cpu.endian" value="little"/>
    <property name="sun.io.unicode.encoding" value="UnicodeLittle"/>
    <property name="sun.desktop" value="windows"/>
    <property name="sun.cpu.isalist" value="amd64"/>
  </properties>
  <testcase name="testEncrypted" classname="org.apache.tika.parser.microsoft.ooxml.OOXMLParserTest" time="0.344"/>
  <testcase name="testXLSXThumbnail" classname="org.apache.tika.parser.microsoft.ooxml.OOXMLParserTest" time="0.031"/>
  <testcase name="testDOCXHeaderFooterNotExtraction" classname="org.apache.tika.parser.microsoft.ooxml.OOXMLParserTest" time="0.062"/>
  <testcase name="testEmbeddedZipInPPTX" classname="org.apache.tika.parser.microsoft.ooxml.OOXMLParserTest" time="0.125"/>
  <testcase name="testPPTXAutodate" classname="org.apache.tika.parser.microsoft.ooxml.OOXMLParserTest" time="0.047"/>
  <testcase name="testXLSXChartData" classname="org.apache.tika.parser.microsoft.ooxml.OOXMLParserTest" time="0.046"/>
  <testcase name="testXLSBChartData" classname="org.apache.tika.parser.microsoft.ooxml.OOXMLParserTest" time="0.031"/>
  <testcase name="testHyperlinksInXLSX" classname="org.apache.tika.parser.microsoft.ooxml.OOXMLParserTest" time="0.047"/>
  <testcase name="testWordMissingOOXMLBeans" classname="org.apache.tika.parser.microsoft.ooxml.OOXMLParserTest" time="0.016"/>
  <testcase name="testEmbeddedPDF" classname="org.apache.tika.parser.microsoft.ooxml.OOXMLParserTest" time="0.047"/>
  <testcase name="testBigIntegersWGeneralFormat" classname="org.apache.tika.parser.microsoft.ooxml.OOXMLParserTest" time="0.031"/>
  <testcase name="testDOCXThumbnail" classname="org.apache.tika.parser.microsoft.ooxml.OOXMLParserTest" time="0.016"/>
  <testcase name="testPPTXDiagramData" classname="org.apache.tika.parser.microsoft.ooxml.OOXMLParserTest" time="0.047"/>
  <testcase name="testExcel" classname="org.apache.tika.parser.microsoft.ooxml.OOXMLParserTest" time="0.015"/>
  <testcase name="testWord" classname="org.apache.tika.parser.microsoft.ooxml.OOXMLParserTest" time="0.016"/>
  <testcase name="testMacrosInDocm" classname="org.apache.tika.parser.microsoft.ooxml.OOXMLParserTest" time="0.078"/>
  <testcase name="testMacrosInPptm" classname="org.apache.tika.parser.microsoft.ooxml.OOXMLParserTest" time="0.125"/>
  <testcase name="testDOCXChartData" classname="org.apache.tika.parser.microsoft.ooxml.OOXMLParserTest" time="0.031"/>
  <testcase name="testDOCXDiagramData" classname="org.apache.tika.parser.microsoft.ooxml.OOXMLParserTest" time="0.031"/>
  <testcase name="testPPTXThumbnail" classname="org.apache.tika.parser.microsoft.ooxml.OOXMLParserTest" time="0.031"/>
  <testcase name="testInitializationViaConfig" classname="org.apache.tika.parser.microsoft.ooxml.OOXMLParserTest" time="0.094"/>
  <testcase name="testTextInsideTextBox" classname="org.apache.tika.parser.microsoft.ooxml.OOXMLParserTest" time="0.047"/>
  <testcase name="testProtectedExcelFile" classname="org.apache.tika.parser.microsoft.ooxml.OOXMLParserTest" time="0.062"/>
  <testcase name="testPPTXChartData" classname="org.apache.tika.parser.microsoft.ooxml.OOXMLParserTest" time="0.047"/>
  <testcase name="testMasterFooter" classname="org.apache.tika.parser.microsoft.ooxml.OOXMLParserTest" time="0.046"/>
  <testcase name="testUnsupportedPowerPoint" classname="org.apache.tika.parser.microsoft.ooxml.OOXMLParserTest" time="0.047"/>
  <testcase name="testExcelTextBox" classname="org.apache.tika.parser.microsoft.ooxml.OOXMLParserTest" time="0.015"/>
  <testcase name="testXLSXOriginalPath" classname="org.apache.tika.parser.microsoft.ooxml.OOXMLParserTest" time="0.031"/>
  <testcase name="testXLSBNoHeaderFooters" classname="org.apache.tika.parser.microsoft.ooxml.OOXMLParserTest" time="0.062"/>
  <testcase name="testPowerPoint" classname="org.apache.tika.parser.microsoft.ooxml.OOXMLParserTest" time="0.219"/>
  <testcase name="testLongForIntExceptionInSummaryDetails" classname="org.apache.tika.parser.microsoft.ooxml.OOXMLParserTest" time="0.031"/>
  <testcase name="testVarious" classname="org.apache.tika.parser.microsoft.ooxml.OOXMLParserTest" time="0.031"/>
  <testcase name="testBoldHyperlink" classname="org.apache.tika.parser.microsoft.ooxml.OOXMLParserTest" time="0.015"/>
  <testcase name="testWordPicturesInHeader" classname="org.apache.tika.parser.microsoft.ooxml.OOXMLParserTest" time="0.047"/>
  <testcase name="testDOCXOverrideParagraphNumbering" classname="org.apache.tika.parser.microsoft.ooxml.OOXMLParserTest" time="0.032"/>
  <testcase name="testXLSXDiagramData" classname="org.apache.tika.parser.microsoft.ooxml.OOXMLParserTest" time="0.032"/>
  <testcase name="testMacroinXlsm" classname="org.apache.tika.parser.microsoft.ooxml.OOXMLParserTest" time="0.11"/>
  <testcase name="testWordNullStyle" classname="org.apache.tika.parser.microsoft.ooxml.OOXMLParserTest" time="0.047"/>
  <testcase name="testExcelFormats" classname="org.apache.tika.parser.microsoft.ooxml.OOXMLParserTest" time="0.015"/>
  <testcase name="testEmbeddedPDFInPPTX" classname="org.apache.tika.parser.microsoft.ooxml.OOXMLParserTest" time="0.078"/>
  <testcase name="testEmbeddedPDFInXLSX" classname="org.apache.tika.parser.microsoft.ooxml.OOXMLParserTest" time="0.047"/>
  <testcase name="testOrigSourcePath" classname="org.apache.tika.parser.microsoft.ooxml.OOXMLParserTest" time="0.094"/>
  <testcase name="testMasterText2" classname="org.apache.tika.parser.microsoft.ooxml.OOXMLParserTest" time="0.031"/>
  <testcase name="testMissingText" classname="org.apache.tika.parser.microsoft.ooxml.OOXMLParserTest" time="0.047"/>
  <testcase name="testWordCustomProperties" classname="org.apache.tika.parser.microsoft.ooxml.OOXMLParserTest" time="0.031"/>
  <testcase name="testTurningOffTextBoxExtractionExcel" classname="org.apache.tika.parser.microsoft.ooxml.OOXMLParserTest" time="0.031"/>
  <testcase name="testWordHTML" classname="org.apache.tika.parser.microsoft.ooxml.OOXMLParserTest" time="0.125"/>
  <testcase name="testWordFootnote" classname="org.apache.tika.parser.microsoft.ooxml.OOXMLParserTest" time="0.016"/>
  <testcase name="testExcelHeaderAndFooterNotExtraction" classname="org.apache.tika.parser.microsoft.ooxml.OOXMLParserTest" time="0.031"/>
  <testcase name="testPowerPointMetadataEarly" classname="org.apache.tika.parser.microsoft.ooxml.OOXMLParserTest" time="0.188"/>
  <testcase name="testNoFormat" classname="org.apache.tika.parser.microsoft.ooxml.OOXMLParserTest" time="0.031"/>
  <testcase name="testWordArt" classname="org.apache.tika.parser.microsoft.ooxml.OOXMLParserTest" time="0.031"/>
  <testcase name="testExcelHeaderAndFooterExtraction" classname="org.apache.tika.parser.microsoft.ooxml.OOXMLParserTest" time="0.032"/>
  <testcase name="testExcelStrict" classname="org.apache.tika.parser.microsoft.ooxml.OOXMLParserTest" time="0">
    <skipped message="OOXML-Strict not currently supported by POI, see #57699"/>
  </testcase>
  <testcase name="testExcelCustomProperties" classname="org.apache.tika.parser.microsoft.ooxml.OOXMLParserTest" time="0.016"/>
  <testcase name="testPowerPointCustomProperties" classname="org.apache.tika.parser.microsoft.ooxml.OOXMLParserTest" time="0.031"/>
  <testcase name="testCommentPPTX" classname="org.apache.tika.parser.microsoft.ooxml.OOXMLParserTest" time="0.047"/>
  <testcase name="testMasterText" classname="org.apache.tika.parser.microsoft.ooxml.OOXMLParserTest" time="0.031"/>
  <testcase name="testXLSBDiagramData" classname="org.apache.tika.parser.microsoft.ooxml.OOXMLParserTest" time="0.015"/>
  <testcase name="testProtectedExcelSheets" classname="org.apache.tika.parser.microsoft.ooxml.OOXMLParserTest" time="0.032"/>
  <testcase name="testVariousPPTX" classname="org.apache.tika.parser.microsoft.ooxml.OOXMLParserTest" time="0.047"/>
  <testcase name="testNullHeaders" classname="org.apache.tika.parser.microsoft.ooxml.OOXMLParserTest" time="0.015"/>
  <testcase name="testXLSBOriginalPath" classname="org.apache.tika.parser.microsoft.ooxml.OOXMLParserTest" time="0.031"/>
  <testcase name="testEmbeddedPPTXTwoSlides" classname="org.apache.tika.parser.microsoft.ooxml.OOXMLParserTest" time="0.172"/>
  <testcase name="testPOI61034" classname="org.apache.tika.parser.microsoft.ooxml.OOXMLParserTest" time="0.032"/>
  <testcase name="testPicturesInVariousPlaces" classname="org.apache.tika.parser.microsoft.ooxml.OOXMLParserTest" time="0">
    <skipped message="need to add links in xhtml"/>
  </testcase>
  <testcase name="testTurningOffTextBoxExtraction" classname="org.apache.tika.parser.microsoft.ooxml.OOXMLParserTest" time="0.031"/>
  <testcase name="testXLSBVarious" classname="org.apache.tika.parser.microsoft.ooxml.OOXMLParserTest" time="0.047"/>
  <testcase name="testDOCXParagraphNumbering" classname="org.apache.tika.parser.microsoft.ooxml.OOXMLParserTest" time="0.062"/>
  <testcase name="testExcelXLSB" classname="org.apache.tika.parser.microsoft.ooxml.OOXMLParserTest" time="0.016"/>
  <testcase name="testMultiAuthorsManagers" classname="org.apache.tika.parser.microsoft.ooxml.OOXMLParserTest" time="0.016"/>
</testsuite>