<?xml version="1.0" encoding="UTF-8"?>
<testsuite name="org.apache.tika.parser.pdf.PDFParserTest" time="11.429" tests="47" errors="0" skipped="0" failures="0">
  <properties>
    <property name="idea.version" value="2017.3.1"/>
    <property name="java.runtime.name" value="Java(TM) SE Runtime Environment"/>
    <property name="sun.boot.library.path" value="C:\Program Files\Java\jdk1.8.0_151\jre\bin"/>
    <property name="java.vm.version" value="25.151-b12"/>
    <property name="java.vm.vendor" value="Oracle Corporation"/>
    <property name="maven.multiModuleProjectDirectory" value="E:\tika-1.16\tika-1.16"/>
    <property name="java.vendor.url" value="http://java.oracle.com/"/>
    <property name="path.separator" value=";"/>
    <property name="guice.disable.misplaced.annotation.check" value="true"/>
    <property name="java.vm.name" value="Java HotSpot(TM) 64-Bit Server VM"/>
    <property name="file.encoding.pkg" value="sun.io"/>
    <property name="user.script" value=""/>
    <property name="user.country" value="CN"/>
    <property name="sun.java.launcher" value="SUN_STANDARD"/>
    <property name="sun.os.patch.level" value=""/>
    <property name="java.vm.specification.name" value="Java Virtual Machine Specification"/>
    <property name="user.dir" value="E:\tika-1.16\tika-1.16"/>
    <property name="java.runtime.version" value="1.8.0_151-b12"/>
    <property name="java.awt.graphicsenv" value="sun.awt.Win32GraphicsEnvironment"/>
    <property name="java.endorsed.dirs" value="C:\Program Files\Java\jdk1.8.0_151\jre\lib\endorsed"/>
    <property name="os.arch" value="amd64"/>
    <property name="java.io.tmpdir" value="C:\Users\xiao\AppData\Local\Temp\"/>
    <property name="line.separator" value="&#10;"/>
    <property name="java.vm.specification.vendor" value="Oracle Corporation"/>
    <property name="user.variant" value=""/>
    <property name="os.name" value="Windows 10"/>
    <property name="classworlds.conf" value="E:\IntelliJ IDEA Community Edition 2017.3.1\plugins\maven\lib\maven3\bin\m2.conf"/>
    <property name="sun.jnu.encoding" value="GBK"/>
    <property name="java.library.path" value="C:\Program Files\Java\jdk1.8.0_151\bin;C:\WINDOWS\Sun\Java\bin;C:\WINDOWS\system32;C:\WINDOWS;C:\ProgramData\Oracle\Java\javapath;C:\Program Files (x86)\Intel\iCLS Client\;C:\Program Files\Intel\iCLS Client\;C:\Windows\system32;C:\Windows;C:\Windows\System32\Wbem;C:\Windows\System32\WindowsPowerShell\v1.0\;C:\Program Files (x86)\Intel\Intel(R) Management Engine Components\DAL;C:\Program Files\Intel\Intel(R) Management Engine Components\DAL;C:\Program Files (x86)\Intel\Intel(R) Management Engine Components\IPT;C:\Program Files\Intel\Intel(R) Management Engine Components\IPT;C:\Program Files (x86)\NVIDIA Corporation\PhysX\Common;C:\Program Files\Intel\WiFi\bin\;C:\Program Files\Common Files\Intel\WirelessCommon\;C:\WINDOWS\system32;C:\WINDOWS;C:\WINDOWS\System32\Wbem;C:\WINDOWS\System32\WindowsPowerShell\v1.0\;C:\Program Files\Java\jdk1.8.0_151\bin;C:\Program Files\Java\jdk1.8.0_151\jre\bin;E:\maven\apache-maven-3.5.2\bin;E:\Git\cmd;E:\UltraEdit;C:\Users\xiao\AppData\Local\Microsoft\WindowsApps;C:\Users\xiao\AppData\Local\GitHubDesktop\bin;."/>
    <property name="java.specification.name" value="Java Platform API Specification"/>
    <property name="java.class.version" value="52.0"/>
    <property name="sun.management.compiler" value="HotSpot 64-Bit Tiered Compilers"/>
    <property name="os.version" value="10.0"/>
    <property name="user.home" value="C:\Users\xiao"/>
    <property name="user.timezone" value="Asia/Shanghai"/>
    <property name="java.awt.printerjob" value="sun.awt.windows.WPrinterJob"/>
    <property name="java.specification.version" value="1.8"/>
    <property name="file.encoding" value="UTF-8"/>
    <property name="user.name" value="xiao"/>
    <property name="java.class.path" value="E:\IntelliJ IDEA Community Edition 2017.3.1\plugins\maven\lib\maven3\boot\plexus-classworlds-2.5.2.jar;E:\IntelliJ IDEA Community Edition 2017.3.1\lib\idea_rt.jar"/>
    <property name="java.vm.specification.version" value="1.8"/>
    <property name="sun.arch.data.model" value="64"/>
    <property name="java.home" value="C:\Program Files\Java\jdk1.8.0_151\jre"/>
    <property name="sun.java.command" value="org.codehaus.classworlds.Launcher -Didea.version=2017.3.1 package"/>
    <property name="java.specification.vendor" value="Oracle Corporation"/>
    <property name="user.language" value="zh"/>
    <property name="awt.toolkit" value="sun.awt.windows.WToolkit"/>
    <property name="java.vm.info" value="mixed mode"/>
    <property name="java.version" value="1.8.0_151"/>
    <property name="java.ext.dirs" value="C:\Program Files\Java\jdk1.8.0_151\jre\lib\ext;C:\WINDOWS\Sun\Java\lib\ext"/>
    <property name="sun.boot.class.path" value="C:\Program Files\Java\jdk1.8.0_151\jre\lib\resources.jar;C:\Program Files\Java\jdk1.8.0_151\jre\lib\rt.jar;C:\Program Files\Java\jdk1.8.0_151\jre\lib\sunrsasign.jar;C:\Program Files\Java\jdk1.8.0_151\jre\lib\jsse.jar;C:\Program Files\Java\jdk1.8.0_151\jre\lib\jce.jar;C:\Program Files\Java\jdk1.8.0_151\jre\lib\charsets.jar;C:\Program Files\Java\jdk1.8.0_151\jre\lib\jfr.jar;C:\Program Files\Java\jdk1.8.0_151\jre\classes"/>
    <property name="java.vendor" value="Oracle Corporation"/>
    <property name="maven.home" value="E:\IntelliJ IDEA Community Edition 2017.3.1\plugins\maven\lib\maven3"/>
    <property name="file.separator" value="\"/>
    <property name="java.vendor.url.bug" value="http://bugreport.sun.com/bugreport/"/>
    <property name="sun.cpu.endian" value="little"/>
    <property name="sun.io.unicode.encoding" value="UnicodeLittle"/>
    <property name="sun.desktop" value="windows"/>
    <property name="sun.cpu.isalist" value="amd64"/>
  </properties>
  <testcase name="testOSSpecificEmbeddedFileExtraction" classname="org.apache.tika.parser.pdf.PDFParserTest" time="0.031"/>
  <testcase name="testSignatureInAcroForm" classname="org.apache.tika.parser.pdf.PDFParserTest" time="0.047"/>
  <testcase name="testDisableAutoSpace" classname="org.apache.tika.parser.pdf.PDFParserTest" time="0.078"/>
  <testcase name="testDuplicateOverlappingText" classname="org.apache.tika.parser.pdf.PDFParserTest" time="0.078"/>
  <testcase name="testEmbeddedJPEG" classname="org.apache.tika.parser.pdf.PDFParserTest" time="1.438"/>
  <testcase name="testEmbeddedPDFs" classname="org.apache.tika.parser.pdf.PDFParserTest" time="0.031"/>
  <testcase name="testAnnotations" classname="org.apache.tika.parser.pdf.PDFParserTest" time="0.094"/>
  <testcase name="testBookmarks" classname="org.apache.tika.parser.pdf.PDFParserTest" time="0.015"/>
  <testcase name="testJBIG2OCROnly" classname="org.apache.tika.parser.pdf.PDFParserTest" time="0"/>
  <testcase name="testEmbeddedPDFEmbeddingAnotherDocument" classname="org.apache.tika.parser.pdf.PDFParserTest" time="0.125"/>
  <testcase name="testVersions" classname="org.apache.tika.parser.pdf.PDFParserTest" time="0.172"/>
  <testcase name="testLinks" classname="org.apache.tika.parser.pdf.PDFParserTest" time="0.032"/>
  <testcase name="testXMPMM" classname="org.apache.tika.parser.pdf.PDFParserTest" time="0.047"/>
  <testcase name="testSortByPosition" classname="org.apache.tika.parser.pdf.PDFParserTest" time="0.078"/>
  <testcase name="testEmbeddedFileMarkup" classname="org.apache.tika.parser.pdf.PDFParserTest" time="1.234"/>
  <testcase name="testInitializationOfNonPrimitivesViaConfig" classname="org.apache.tika.parser.pdf.PDFParserTest" time="0"/>
  <testcase name="testEmbeddedFileNameExtraction" classname="org.apache.tika.parser.pdf.PDFParserTest" time="0.031"/>
  <testcase name="testInitializationViaConfig" classname="org.apache.tika.parser.pdf.PDFParserTest" time="0.016"/>
  <testcase name="testEmbeddedFilesInAnnotations" classname="org.apache.tika.parser.pdf.PDFParserTest" time="0.031"/>
  <testcase name="testLegacyAccessChecking" classname="org.apache.tika.parser.pdf.PDFParserTest" time="0.094"/>
  <testcase name="testInlineSelector" classname="org.apache.tika.parser.pdf.PDFParserTest" time="2.078"/>
  <testcase name="testMultipleTitles" classname="org.apache.tika.parser.pdf.PDFParserTest" time="0.032"/>
  <testcase name="testCustomMetadata" classname="org.apache.tika.parser.pdf.PDFParserTest" time="0.015"/>
  <testcase name="testVarious" classname="org.apache.tika.parser.pdf.PDFParserTest" time="0.031"/>
  <testcase name="testMaxLength" classname="org.apache.tika.parser.pdf.PDFParserTest" time="0.016"/>
  <testcase name="testConfiguringMoreParams" classname="org.apache.tika.parser.pdf.PDFParserTest" time="0.156"/>
  <testcase name="testXFAExtractionBasic" classname="org.apache.tika.parser.pdf.PDFParserTest" time="0.079"/>
  <testcase name="testSingleCloseDoc" classname="org.apache.tika.parser.pdf.PDFParserTest" time="0.015"/>
  <testcase name="testAccessCheckingEmptyPassword" classname="org.apache.tika.parser.pdf.PDFParserTest" time="0.047"/>
  <testcase name="testPDFEncodedStringsInXMP" classname="org.apache.tika.parser.pdf.PDFParserTest" time="0.016"/>
  <testcase name="testTwoTextBoxes" classname="org.apache.tika.parser.pdf.PDFParserTest" time="0.031"/>
  <testcase name="testPageNumber" classname="org.apache.tika.parser.pdf.PDFParserTest" time="0.016"/>
  <testcase name="testDiffTitles" classname="org.apache.tika.parser.pdf.PDFParserTest" time="0.015"/>
  <testcase name="testAccessCheckingOwnerPassword" classname="org.apache.tika.parser.pdf.PDFParserTest" time="0.156"/>
  <testcase name="testXFAOnly" classname="org.apache.tika.parser.pdf.PDFParserTest" time="0.016"/>
  <testcase name="testPdfParsing" classname="org.apache.tika.parser.pdf.PDFParserTest" time="0.031"/>
  <testcase name="testInlineConfig" classname="org.apache.tika.parser.pdf.PDFParserTest" time="1.954"/>
  <testcase name="testProtectedPDF" classname="org.apache.tika.parser.pdf.PDFParserTest" time="0.359"/>
  <testcase name="testMultipleAuthors" classname="org.apache.tika.parser.pdf.PDFParserTest" time="0.016"/>
  <testcase name="testEmbeddedDocsWithOCROnly" classname="org.apache.tika.parser.pdf.PDFParserTest" time="0"/>
  <testcase name="testPdfParsingMetadataOnly" classname="org.apache.tika.parser.pdf.PDFParserTest" time="0.031"/>
  <testcase name="testPopupAnnotation" classname="org.apache.tika.parser.pdf.PDFParserTest" time="0.016"/>
  <testcase name="testTurningOffBookmarks" classname="org.apache.tika.parser.pdf.PDFParserTest" time="0.031"/>
  <testcase name="testEmbeddedFilesInChildren" classname="org.apache.tika.parser.pdf.PDFParserTest" time="2.194"/>
  <testcase name="testAccessCheckingUserPassword" classname="org.apache.tika.parser.pdf.PDFParserTest" time="0.063"/>
  <testcase name="testEmbeddedJBIG2Image" classname="org.apache.tika.parser.pdf.PDFParserTest" time="0.046"/>
  <testcase name="testSkipBadPage" classname="org.apache.tika.parser.pdf.PDFParserTest" time="0.297"/>
</testsuite>